nohup: ignoring input
 * Serving Flask app 'server'
 * Debug mode: on
WARNING: This is a development server. Do not use it in a production deployment. Use a production WSGI server instead.
 * Running on http://127.0.0.1:5000
Press CTRL+C to quit
 * Restarting with stat
 * Debugger is active!
 * Debugger PIN: 453-498-987
127.0.0.1 - - [23/Nov/2025 17:46:35] "GET / HTTP/1.1" 200 -
127.0.0.1 - - [23/Nov/2025 17:46:35] "GET /api/urges HTTP/1.1" 200 -
 * Detected change in '/workspaces/Urge-BUDDY-5/validate_logs.py', reloading
 * Restarting with stat
 * Debugger is active!
 * Debugger PIN: 453-498-987
 * Detected change in '/workspaces/Urge-BUDDY-5/validate_logs.py', reloading
 * Restarting with stat
 * Debugger is active!
 * Debugger PIN: 453-498-987
 * Detected change in '/workspaces/Urge-BUDDY-5/server.py', reloading
 * Restarting with stat
 * Debugger is active!
 * Debugger PIN: 453-498-987
 * Detected change in '/workspaces/Urge-BUDDY-5/server.py', reloading
 * Restarting with stat
 * Debugger is active!
 * Debugger PIN: 453-498-987
 * Detected change in '/workspaces/Urge-BUDDY-5/validate_logs.py', reloading
 * Restarting with stat
 * Debugger is active!
 * Debugger PIN: 453-498-987
 * Detected change in '/workspaces/Urge-BUDDY-5/validate_logs.py', reloading
 * Restarting with stat
 * Debugger is active!
 * Debugger PIN: 453-498-987
 * Detected change in '/workspaces/Urge-BUDDY-5/server.py', reloading
 * Restarting with stat
 * Debugger is active!
 * Debugger PIN: 453-498-987
 * Detected change in '/workspaces/Urge-BUDDY-5/server.py', reloading
 * Restarting with stat
 * Debugger is active!
 * Debugger PIN: 453-498-987
